0 verbose cli /usr/bin/node /usr/bin/npm
1 info using npm@10.7.0
2 info using node@v20.15.1
3 silly config:load:file:/usr/lib/node_modules/npm/npmrc
4 silly config:load:file:/home/container/.npmrc
5 silly config:load:file:/usr/etc/npmrc
6 verbose title npm i github:@aoijs/aoi.js
7 verbose argv "i" "github:@aoijs/aoi.js"
8 verbose logfile logs-max:10 dir:/home/container/.npm/_logs/2024-07-28T08_32_15_645Z-
9 verbose logfile /home/container/.npm/_logs/2024-07-28T08_32_15_645Z-debug-0.log
10 silly logfile start cleaning logs, removing 1 files
11 silly logfile done cleaning log files
12 verbose shrinkwrap failed to load node_modules/.package-lock.json out of date, updated: node_modules
13 silly idealTree buildDeps
14 silly fetch manifest aoi.js@github:@aoijs/aoi.js
15 silly placeDep ROOT aoi.js@6.9.0 REPLACE for: StarBOT@5.0.0 want: github:@aoijs/aoi.js
16 silly reify mark retired [ '/home/container/node_modules/aoi.js' ]
17 silly reify mark retired [ '/home/container/node_modules/@aoijs/aoi.db' ]
18 silly reify moves {
18 silly reify   '/home/container/node_modules/aoi.js': '/home/container/node_modules/.aoi.js-beKt3wvY',
18 silly reify   '/home/container/node_modules/@aoijs/aoi.db': '/home/container/node_modules/@aoijs/.aoi.db-L77tN3wd'
18 silly reify }
19 silly audit bulk request {
19 silly audit   '@akarui/aoi.db': [ '2.3.3' ],
19 silly audit   '@aoijs/aoi.structures': [ '1.0.0' ],
19 silly audit   '@akarui/aoi.invite': [ '1.0.0' ],
19 silly audit   chalk: [ '5.3.0', '4.1.2' ],
19 silly audit   '@akarui/structures': [ '2.1.0' ],
19 silly audit   '@aoijs/aoi.db': [ '0.0.0' ],
19 silly audit   '@aoijs/aoi.music': [ '1.0.1' ],
19 silly audit   '@discordjs/voice': [ '0.17.0' ],
19 silly audit   'get-audio-duration': [ '4.0.1' ],
19 silly audit   '@babel/runtime': [ '7.24.8' ],
19 silly audit   '@colors/colors': [ '1.6.0' ],
19 silly audit   '@dabh/diagnostics': [ '2.0.3' ],
19 silly audit   '@discordjs/builders': [ '1.8.2' ],
19 silly audit   '@discordjs/collection': [ '1.5.3', '2.1.0' ],
19 silly audit   '@discordjs/formatters': [ '0.4.0' ],
19 silly audit   '@discordjs/rest': [ '2.3.0' ],
19 silly audit   undici: [ '6.13.0', '6.19.2', '5.28.4' ],
19 silly audit   '@discordjs/util': [ '1.1.0' ],
19 silly audit   '@discordjs/ws': [ '1.1.1' ],
19 silly audit   '@fastify/busboy': [ '2.1.1' ],
19 silly audit   '@ffprobe-installer/darwin-arm64': [ '5.0.1' ],
19 silly audit   '@ffprobe-installer/darwin-x64': [ '5.1.0' ],
19 silly audit   '@ffprobe-installer/ffprobe': [ '2.1.2' ],
19 silly audit   '@ffprobe-installer/linux-arm': [ '5.2.0' ],
19 silly audit   '@ffprobe-installer/linux-arm64': [ '5.2.0' ],
19 silly audit   '@ffprobe-installer/linux-ia32': [ '5.2.0' ],
19 silly audit   '@ffprobe-installer/linux-x64': [ '5.2.0' ],
19 silly audit   '@ffprobe-installer/win32-ia32': [ '5.1.0' ],
19 silly audit   '@ffprobe-installer/win32-x64': [ '5.1.0' ],
19 silly audit   '@sapphire/async-queue': [ '1.5.2' ],
19 silly audit   '@sapphire/shapeshift': [ '3.9.7' ],
19 silly audit   '@sapphire/snowflake': [ '3.5.3' ],
19 silly audit   '@types/node': [ '20.14.10' ],
19 silly audit   '@types/triple-beam': [ '1.3.5' ],
19 silly audit   '@types/ws': [ '8.5.11' ],
19 silly audit   '@vladfrangu/async_event_emitter': [ '2.4.3' ],
19 silly audit   acorn: [ '8.12.1' ],
19 silly audit   'ansi-styles': [ '4.3.0', '6.2.1' ],
19 silly audit   asap: [ '2.0.6' ],
19 silly audit   async: [ '3.2.5' ],
19 silly audit   asynckit: [ '0.4.0' ],
19 silly audit   axios: [ '0.21.4' ],
19 silly audit   build: [ '0.1.4' ],
19 silly audit   wrench: [ '1.3.9', '1.5.9' ],
19 silly audit   'call-bind': [ '1.0.7' ],
19 silly audit   chownr: [ '2.0.0' ],
19 silly audit   color: [ '3.2.1' ],
19 silly audit   'color-convert': [ '2.0.1', '1.9.3' ],
19 silly audit   'color-name': [ '1.1.4', '1.1.3' ],
19 silly audit   'color-string': [ '1.9.1' ],
19 silly audit   colorspace: [ '1.1.4' ],
19 silly audit   'combined-stream': [ '1.0.8' ],
19 silly audit   'component-emitter': [ '1.3.1' ],
19 silly audit   cookiejar: [ '2.1.4' ],
19 silly audit   'cross-spawn': [ '7.0.3' ],
19 silly audit   cssmin: [ '0.3.2' ],
19 silly audit   debug: [ '4.3.5' ],
19 silly audit   'define-data-property': [ '1.1.4' ],
19 silly audit   'delayed-stream': [ '1.0.0' ],
19 silly audit   dezalgo: [ '1.0.4' ],
19 silly audit   'discord-api-types': [ '0.37.83' ],
19 silly audit   'discord.js': [ '14.15.3' ],
19 silly audit   dotenv: [ '8.6.0' ],
19 silly audit   enabled: [ '2.0.0' ],
19 silly audit   'es-define-property': [ '1.0.0' ],
19 silly audit   'es-errors': [ '1.3.0' ],
19 silly audit   execa: [ '5.1.1' ],
19 silly audit   'fast-deep-equal': [ '3.1.3' ],
19 silly audit   'fast-safe-stringify': [ '2.1.1' ],
19 silly audit   'fast-xml-parser': [ '3.21.1' ],
19 silly audit   fecha: [ '4.2.3' ],
19 silly audit   'fn.name': [ '1.1.0' ],
19 silly audit   'follow-redirects': [ '1.15.6' ],
19 silly audit   'form-data': [ '4.0.0', '3.0.1' ],
19 silly audit   formidable: [ '3.5.1', '1.2.6' ],
19 silly audit   'fs-minipass': [ '2.1.0', '3.0.3' ],
19 silly audit   minipass: [ '3.3.6', '5.0.0', '7.1.2' ],
19 silly audit   fswin: [ '3.24.524' ],
19 silly audit   'function-bind': [ '1.1.2' ],
19 silly audit   'get-intrinsic': [ '1.2.4' ],
19 silly audit   'get-stream': [ '6.0.1' ],
19 silly audit   gopd: [ '1.0.1' ],
19 silly audit   'has-flag': [ '4.0.0' ],
19 silly audit   'has-property-descriptors': [ '1.0.2' ],
19 silly audit   'has-proto': [ '1.0.3' ],
19 silly audit   'has-symbols': [ '1.0.3' ],
19 silly audit   hasown: [ '2.0.2' ],
19 silly audit   hexoid: [ '1.0.0' ],
19 silly audit   hidefile: [ '3.0.0' ],
19 silly audit   himalaya: [ '1.1.0' ],
19 silly audit   'human-signals': [ '2.1.0' ],
19 silly audit   inherits: [ '2.0.4' ],
19 silly audit   'is-arrayish': [ '0.3.2' ],
19 silly audit   'is-stream': [ '2.0.1' ],
19 silly audit   isexe: [ '2.0.0', '3.1.1' ],
19 silly audit   jintr: [ '2.0.0' ],
19 silly audit   'js-yaml': [ '0.3.7' ],
19 silly audit   jsmin: [ '1.0.1' ],
19 silly audit   jsonparse: [ '1.3.1' ],
19 silly audit   jsonrepair: [ '3.8.0' ],
19 silly audit   JSONStream: [ '1.3.5' ],
19 silly audit   jxLoader: [ '0.1.1' ],
19 silly audit   kuler: [ '2.0.0' ],
19 silly audit   lodash: [ '4.17.21' ],
19 silly audit   'lodash.snakecase': [ '4.1.1' ],
19 silly audit   logform: [ '2.6.1' ],
19 silly audit   m3u8stream: [ '0.8.6' ],
19 silly audit   'magic-bytes.js': [ '1.10.0' ],
19 silly audit   makeerror: [ '1.0.12' ],
19 silly audit   'merge-stream': [ '2.0.0' ],
19 silly audit   methods: [ '1.1.2' ],
19 silly audit   mime: [ '2.6.0' ],
19 silly audit   'mime-db': [ '1.52.0' ],
19 silly audit   'mime-types': [ '2.1.35' ],
19 silly audit   'mimic-fn': [ '2.1.0' ],
19 silly audit   miniget: [ '4.2.3' ],
19 silly audit   minizlib: [ '2.1.2' ],
19 silly audit   mkdirp: [ '1.0.4' ],
19 silly audit   'moo-server': [ '1.3.0' ],
19 silly audit   ms: [ '2.1.2', '2.1.3' ],
19 silly audit   npm: [ '10.8.2' ],
19 silly audit   'npm-run-path': [ '4.0.1' ],
19 silly audit   'ansi-regex': [ '5.0.1', '6.0.1' ],
19 silly audit   'emoji-regex': [ '8.0.0', '9.2.2' ],
19 silly audit   'string-width': [ '4.2.3', '5.1.2' ],
19 silly audit   'strip-ansi': [ '6.0.1', '7.1.0' ],
19 silly audit   which: [ '2.0.2', '4.0.0' ],
19 silly audit   'proc-log': [ '3.0.0', '4.2.0' ],
19 silly audit   'path-key': [ '3.1.1' ],
19 silly audit   semver: [ '7.6.2' ],
19 silly audit   'shebang-command': [ '2.0.0' ],
19 silly audit   'shebang-regex': [ '3.0.0' ],
19 silly audit   'signal-exit': [ '3.0.7', '4.1.0' ],
19 silly audit   'spdx-expression-parse': [ '3.0.1', '4.0.0' ],
19 silly audit   'supports-color': [ '7.2.0', '9.4.0' ],
19 silly audit   tar: [ '6.2.1' ],
19 silly audit   'util-deprecate': [ '1.0.2' ],
19 silly audit   'wrap-ansi': [ '8.1.0', '7.0.0' ],
19 silly audit   yallist: [ '4.0.0' ],
19 silly audit   'object-inspect': [ '1.13.2' ],
19 silly audit   once: [ '1.4.0' ],
19 silly audit   'one-time': [ '1.0.0' ],
19 silly audit   onetime: [ '5.1.2' ],
19 silly audit   opusscript: [ '0.0.8' ],
19 silly audit   'prism-media': [ '1.3.5' ],
19 silly audit   'promised-io': [ '0.3.6' ],
19 silly audit   qs: [ '6.12.3' ],
19 silly audit   'readable-stream': [ '3.6.2' ],
19 silly audit   'regenerator-runtime': [ '0.14.1' ],
19 silly audit   'safe-buffer': [ '5.2.1' ],
19 silly audit   'safe-stable-stringify': [ '2.4.3' ],
19 silly audit   sax: [ '1.4.1' ],
19 silly audit   'set-function-length': [ '1.2.2' ],
19 silly audit   'side-channel': [ '1.0.6' ],
19 silly audit   'simple-swizzle': [ '0.2.2' ],
19 silly audit   'sorted-btree': [ '1.8.1' ],
19 silly audit   'soundcloud-downloader': [ '1.0.0' ],
19 silly audit   'soundcloud-key-fetch': [ '1.0.13' ],
19 silly audit   'spotify-uri': [ '4.1.0' ],
19 silly audit   'spotify-url-info': [ '3.2.16' ],
19 silly audit   'spotify-web-api-node': [ '5.0.2' ],
19 silly audit   superagent: [ '6.1.0', '9.0.2' ],
19 silly audit   'stack-trace': [ '0.0.10' ],
19 silly audit   string_decoder: [ '1.3.0' ],
19 silly audit   'strip-final-newline': [ '2.0.0' ],
19 silly audit   strnum: [ '1.0.5' ],
19 silly audit   'text-hex': [ '1.0.0' ],
19 silly audit   through: [ '2.3.8' ],
19 silly audit   timespan: [ '2.3.0' ],
19 silly audit   'tiny-typed-emitter': [ '2.1.0' ],
19 silly audit   tmpl: [ '1.0.5' ],
19 silly audit   'triple-beam': [ '1.4.1' ],
19 silly audit   'ts-mixer': [ '6.0.4' ],
19 silly audit   tslib: [ '2.6.2' ],
19 silly audit   tweetnacl: [ '1.0.3' ],
19 silly audit   'uglify-js': [ '1.3.5' ],
19 silly audit   'undici-types': [ '5.26.5' ],
19 silly audit   walker: [ '1.0.8' ],
19 silly audit   winattr: [ '3.0.0' ],
19 silly audit   winston: [ '3.13.1' ],
19 silly audit   'winston-transport': [ '4.7.1' ],
19 silly audit   wrappy: [ '1.0.2' ],
19 silly audit   ws: [ '8.18.0' ],
19 silly audit   'youtube-scrapper': [ '1.4.0' ],
19 silly audit   'youtubei.js': [ '10.2.0' ],
19 silly audit   'aoi.js': [ '6.9.0' ],
19 silly audit   abbrev: [ '2.0.0' ],
19 silly audit   'aggregate-error': [ '3.1.0' ],
19 silly audit   'agent-base': [ '7.1.1' ],
19 silly audit   aproba: [ '2.0.0' ],
19 silly audit   archy: [ '1.0.0' ],
19 silly audit   'balanced-match': [ '1.0.2' ],
19 silly audit   'bin-links': [ '4.0.4' ],
19 silly audit   'binary-extensions': [ '2.3.0' ],
19 silly audit   'brace-expansion': [ '2.0.1' ],
19 silly audit   cacache: [ '18.0.3' ],
19 silly audit   'ci-info': [ '4.0.0' ],
19 silly audit   'cidr-regex': [ '4.1.1' ],
19 silly audit   'clean-stack': [ '2.2.0' ],
19 silly audit   'cli-columns': [ '4.0.0' ],
19 silly audit   'cmd-shim': [ '6.0.3' ],
19 silly audit   'common-ancestor-path': [ '1.0.1' ],
19 silly audit   cssesc: [ '3.0.0' ],
19 silly audit   diff: [ '5.2.0' ],
19 silly audit   eastasianwidth: [ '0.2.0' ],
19 silly audit   encoding: [ '0.1.13' ],
19 silly audit   'env-paths': [ '2.2.1' ],
19 silly audit   'err-code': [ '2.0.3' ],
19 silly audit   'exponential-backoff': [ '3.1.1' ],
19 silly audit   'fastest-levenshtein': [ '1.0.16' ],
19 silly audit   'foreground-child': [ '3.2.1' ],
19 silly audit   'graceful-fs': [ '4.2.11' ],
19 silly audit   glob: [ '10.4.2' ],
19 silly audit   'hosted-git-info': [ '7.0.2' ],
19 silly audit   'http-cache-semantics': [ '4.1.1' ],
19 silly audit   'http-proxy-agent': [ '7.0.2' ],
19 silly audit   'https-proxy-agent': [ '7.0.5' ],
19 silly audit   'iconv-lite': [ '0.6.3' ],
19 silly audit   'ignore-walk': [ '6.0.5' ],
19 silly audit   imurmurhash: [ '0.1.4' ],
19 silly audit   'indent-string': [ '4.0.0' ],
19 silly audit   ini: [ '4.1.3' ],
19 silly audit   'init-package-json': [ '6.0.3' ],
19 silly audit   'ip-address': [ '9.0.5' ],
19 silly audit   'ip-regex': [ '5.0.0' ],
19 silly audit   'is-cidr': [ '5.1.0' ],
19 silly audit   'is-fullwidth-code-point': [ '3.0.0' ],
19 silly audit   'is-lambda': [ '1.0.1' ],
19 silly audit   jackspeak: [ '3.4.0' ],
19 silly audit   jsbn: [ '1.1.0' ],
19 silly audit   'json-parse-even-better-errors': [ '3.0.2' ],
19 silly audit   'json-stringify-nice': [ '1.1.4' ],
19 silly audit   'just-diff': [ '6.0.2' ],
19 silly audit   'just-diff-apply': [ '5.5.0' ],
19 silly audit   libnpmaccess: [ '8.0.6' ],
19 silly audit   libnpmexec: [ '8.1.3' ],
19 silly audit   libnpmdiff: [ '6.1.4' ],
19 silly audit   libnpmfund: [ '5.0.12' ],
19 silly audit   libnpmhook: [ '10.0.5' ],
19 silly audit   libnpmorg: [ '6.0.6' ],
19 silly audit   libnpmpack: [ '7.0.4' ],
19 silly audit   libnpmsearch: [ '7.0.6' ],
19 silly audit   libnpmpublish: [ '9.0.9' ],
19 silly audit   libnpmteam: [ '6.0.5' ],
19 silly audit   libnpmversion: [ '6.0.3' ],
19 silly audit   'make-fetch-happen': [ '13.0.1' ],
19 silly audit   minimatch: [ '9.0.5' ],
19 silly audit   'minipass-fetch': [ '3.0.5' ],
19 silly audit   'lru-cache': [ '10.2.2' ],
19 silly audit   'minipass-collect': [ '2.0.1' ],
19 silly audit   'minipass-pipeline': [ '1.2.4' ],
19 silly audit   'minipass-flush': [ '1.0.5' ],
19 silly audit   'minipass-sized': [ '1.0.3' ],
19 silly audit   'mute-stream': [ '1.0.0' ],
19 silly audit   negotiator: [ '0.6.3' ],
19 silly audit   'node-gyp': [ '10.1.0' ],
19 silly audit   nopt: [ '7.2.1' ],
19 silly audit   'normalize-package-data': [ '6.0.2' ],
19 silly audit   'npm-audit-report': [ '5.0.0' ],
19 silly audit   'npm-bundled': [ '3.0.1' ],
19 silly audit   'npm-install-checks': [ '6.3.0' ],
19 silly audit   'npm-normalize-package-bin': [ '3.0.1' ],
19 silly audit   'npm-package-arg': [ '11.0.2' ],
19 silly audit   'npm-packlist': [ '8.0.2' ],
19 silly audit   'npm-profile': [ '10.0.0' ],
19 silly audit   'npm-pick-manifest': [ '9.1.0' ],
19 silly audit   'npm-registry-fetch': [ '17.1.0' ],
19 silly audit   'npm-user-validate': [ '2.0.1' ],
19 silly audit   'p-map': [ '4.0.0' ],
19 silly audit   'package-json-from-dist': [ '1.0.0' ],
19 silly audit   pacote: [ '18.0.6' ],
19 silly audit   'parse-conflict-json': [ '3.0.1' ],
19 silly audit   'path-scurry': [ '1.11.1' ],
19 silly audit   'postcss-selector-parser': [ '6.1.0' ],
19 silly audit   proggy: [ '2.0.0' ],
19 silly audit   'promise-all-reject-late': [ '1.0.1' ],
19 silly audit   'promise-call-limit': [ '3.0.1' ],
19 silly audit   'promise-inflight': [ '1.0.1' ],
19 silly audit   'promise-retry': [ '2.0.1' ],
19 silly audit   promzard: [ '1.0.2' ],
19 silly audit   'qrcode-terminal': [ '0.12.0' ],
19 silly audit   read: [ '3.0.1' ],
19 silly audit   'read-cmd-shim': [ '4.0.0' ],
19 silly audit   'read-package-json-fast': [ '3.0.2' ],
19 silly audit   retry: [ '0.12.0' ],
19 silly audit   'safer-buffer': [ '2.1.2' ],
19 silly audit   sigstore: [ '2.3.1' ],
19 silly audit   'smart-buffer': [ '4.2.0' ],
19 silly audit   socks: [ '2.8.3' ],
19 silly audit   'socks-proxy-agent': [ '8.0.4' ],
19 silly audit   'spdx-correct': [ '3.2.0' ],
19 silly audit   'spdx-exceptions': [ '2.5.0' ],
19 silly audit   'spdx-license-ids': [ '3.0.18' ],
19 silly audit   'sprintf-js': [ '1.1.3' ],
19 silly audit   ssri: [ '10.0.6' ],
19 silly audit   'text-table': [ '0.2.0' ],
19 silly audit   'tiny-relative-date': [ '1.3.0' ],
19 silly audit   treeverse: [ '3.0.0' ],
19 silly audit   'tuf-js': [ '2.2.1' ],
19 silly audit   'unique-filename': [ '3.0.0' ],
19 silly audit   'unique-slug': [ '4.0.0' ],
19 silly audit   'validate-npm-package-license': [ '3.0.4' ],
19 silly audit   'validate-npm-package-name': [ '5.0.1' ],
19 silly audit   'walk-up-path': [ '3.0.1' ],
19 silly audit   'write-file-atomic': [ '5.0.1' ],
19 silly audit   '@isaacs/string-locale-compare': [ '1.1.0' ],
19 silly audit   '@isaacs/cliui': [ '8.0.2' ],
19 silly audit   '@npmcli/agent': [ '2.2.2' ],
19 silly audit   '@npmcli/arborist': [ '7.5.4' ],
19 silly audit   '@npmcli/config': [ '8.3.4' ],
19 silly audit   '@npmcli/fs': [ '3.1.1' ],
19 silly audit   '@npmcli/git': [ '5.0.8' ],
19 silly audit   '@npmcli/installed-package-contents': [ '2.1.0' ],
19 silly audit   '@npmcli/map-workspaces': [ '3.0.6' ],
19 silly audit   '@npmcli/metavuln-calculator': [ '7.1.1' ],
19 silly audit   '@npmcli/name-from-folder': [ '2.0.0' ],
19 silly audit   '@npmcli/node-gyp': [ '3.0.0' ],
19 silly audit   '@npmcli/package-json': [ '5.2.0' ],
19 silly audit   '@npmcli/promise-spawn': [ '7.0.2' ],
19 silly audit   '@npmcli/query': [ '3.1.0' ],
19 silly audit   '@npmcli/redact': [ '2.0.1' ],
19 silly audit   '@npmcli/run-script': [ '8.1.0' ],
19 silly audit   '@pkgjs/parseargs': [ '0.11.0' ],
19 silly audit   '@sigstore/bundle': [ '2.3.2' ],
19 silly audit   '@sigstore/core': [ '1.1.0' ],
19 silly audit   '@sigstore/protobuf-specs': [ '0.3.2' ],
19 silly audit   '@sigstore/sign': [ '2.3.2' ],
19 silly audit   '@sigstore/tuf': [ '2.3.4' ],
19 silly audit   '@sigstore/verify': [ '1.2.1' ],
19 silly audit   '@tufjs/canonical-json': [ '2.0.0' ],
19 silly audit   '@tufjs/models': [ '2.0.1' ]
19 silly audit }
20 verbose reify failed optional dependency /home/container/node_modules/@ffprobe-installer/win32-x64
21 silly reify mark deleted [ '/home/container/node_modules/@ffprobe-installer/win32-x64' ]
22 verbose reify failed optional dependency /home/container/node_modules/@ffprobe-installer/win32-ia32
23 silly reify mark deleted [ '/home/container/node_modules/@ffprobe-installer/win32-ia32' ]
24 verbose reify failed optional dependency /home/container/node_modules/@ffprobe-installer/linux-x64
25 silly reify mark deleted [ '/home/container/node_modules/@ffprobe-installer/linux-x64' ]
26 verbose reify failed optional dependency /home/container/node_modules/@ffprobe-installer/linux-ia32
27 silly reify mark deleted [ '/home/container/node_modules/@ffprobe-installer/linux-ia32' ]
28 verbose reify failed optional dependency /home/container/node_modules/@ffprobe-installer/linux-arm
29 silly reify mark deleted [ '/home/container/node_modules/@ffprobe-installer/linux-arm' ]
30 verbose reify failed optional dependency /home/container/node_modules/@ffprobe-installer/darwin-x64
31 silly reify mark deleted [ '/home/container/node_modules/@ffprobe-installer/darwin-x64' ]
32 verbose reify failed optional dependency /home/container/node_modules/@ffprobe-installer/darwin-arm64
33 silly reify mark deleted [ '/home/container/node_modules/@ffprobe-installer/darwin-arm64' ]
34 http fetch POST 200 https://registry.npmjs.org/-/npm/v1/security/advisories/bulk 395ms
35 silly audit report {
35 silly audit report   axios: [
35 silly audit report     {
35 silly audit report       id: 1097679,
35 silly audit report       url: 'https://github.com/advisories/GHSA-wf5p-g6vw-rhxx',
35 silly audit report       title: 'Axios Cross-Site Request Forgery Vulnerability',
35 silly audit report       severity: 'moderate',
35 silly audit report       vulnerable_versions: '>=0.8.1 <0.28.0',
35 silly audit report       cwe: [Array],
35 silly audit report       cvss: [Object]
35 silly audit report     }
35 silly audit report   ],
35 silly audit report   'fast-xml-parser': [
35 silly audit report     {
35 silly audit report       id: 1095242,
35 silly audit report       url: 'https://github.com/advisories/GHSA-x3cc-x39p-42qx',
35 silly audit report       title: 'fast-xml-parser vulnerable to Prototype Pollution through tag or attribute name',
35 silly audit report       severity: 'moderate',
35 silly audit report       vulnerable_versions: '<4.1.2',
35 silly audit report       cwe: [Array],
35 silly audit report       cvss: [Object]
35 silly audit report     }
35 silly audit report   ],
35 silly audit report   'js-yaml': [
35 silly audit report     {
35 silly audit report       id: 1091002,
35 silly audit report       url: 'https://github.com/advisories/GHSA-xxvw-45rp-3mj2',
35 silly audit report       title: 'Deserialization Code Execution in js-yaml',
35 silly audit report       severity: 'critical',
35 silly audit report       vulnerable_versions: '<2.0.5',
35 silly audit report       cwe: [Array],
35 silly audit report       cvss: [Object]
35 silly audit report     },
35 silly audit report     {
35 silly audit report       id: 1085724,
35 silly audit report       url: 'https://github.com/advisories/GHSA-2pr6-76vf-7546',
35 silly audit report       title: 'Denial of Service in js-yaml',
35 silly audit report       severity: 'moderate',
35 silly audit report       vulnerable_versions: '<3.13.0',
35 silly audit report       cwe: [Array],
35 silly audit report       cvss: [Object]
35 silly audit report     },
35 silly audit report     {
35 silly audit report       id: 1095058,
35 silly audit report       url: 'https://github.com/advisories/GHSA-8j8c-7jfh-h6hx',
35 silly audit report       title: 'Code Injection in js-yaml',
35 silly audit report       severity: 'high',
35 silly audit report       vulnerable_versions: '<3.13.1',
35 silly audit report       cwe: [Array],
35 silly audit report       cvss: [Object]
35 silly audit report     }
35 silly audit report   ],
35 silly audit report   timespan: [
35 silly audit report     {
35 silly audit report       id: 1093858,
35 silly audit report       url: 'https://github.com/advisories/GHSA-f523-2f5j-gfcg',
35 silly audit report       title: 'Regular Expression Denial of Service in timespan',
35 silly audit report       severity: 'high',
35 silly audit report       vulnerable_versions: '<=2.3.0',
35 silly audit report       cwe: [Array],
35 silly audit report       cvss: [Object]
35 silly audit report     }
35 silly audit report   ],
35 silly audit report   'uglify-js': [
35 silly audit report     {
35 silly audit report       id: 1091686,
35 silly audit report       url: 'https://github.com/advisories/GHSA-c9f4-xj24-8jqx',
35 silly audit report       title: 'Regular Expression Denial of Service in uglify-js',
35 silly audit report       severity: 'high',
35 silly audit report       vulnerable_versions: '<2.6.0',
35 silly audit report       cwe: [Array],
35 silly audit report       cvss: [Object]
35 silly audit report     },
35 silly audit report     {
35 silly audit report       id: 1091710,
35 silly audit report       url: 'https://github.com/advisories/GHSA-34r7-q49f-h37c',
35 silly audit report       title: 'Incorrect Handling of Non-Boolean Comparisons During Minification in uglify-js',
35 silly audit report       severity: 'critical',
35 silly audit report       vulnerable_versions: '<2.4.24',
35 silly audit report       cwe: [Array],
35 silly audit report       cvss: [Object]
35 silly audit report     }
35 silly audit report   ]
35 silly audit report }
36 http fetch GET 200 https://registry.npmjs.org/axios 148ms (cache revalidated)
37 http fetch GET 200 https://registry.npmjs.org/js-yaml 212ms (cache revalidated)
38 http fetch GET 200 https://registry.npmjs.org/fast-xml-parser 217ms (cache revalidated)
39 http fetch GET 200 https://registry.npmjs.org/uglify-js 406ms (cache revalidated)
40 http fetch GET 200 https://registry.npmjs.org/timespan 417ms (cache revalidated)
41 http fetch GET 200 https://registry.npmjs.org/soundcloud-downloader 246ms (cache revalidated)
42 http fetch GET 200 https://registry.npmjs.org/youtube-scrapper 279ms (cache revalidated)
43 http fetch GET 200 https://registry.npmjs.org/jxLoader 310ms (cache revalidated)
44 http fetch GET 200 https://registry.npmjs.org/build 274ms (cache revalidated)
45 http fetch GET 200 https://codeload.github.com/aoijs/aoi.js/tar.gz/2861a25b8cc95998a5c901b61540b5e3aad80a60 1898ms (cache miss)
46 http fetch GET 200 https://registry.npmjs.org/@aoijs%2faoi.music 1510ms (cache revalidated)
47 http fetch GET 200 https://registry.npmjs.org/@akarui%2faoi.db 595ms (cache revalidated)
48 http fetch GET 200 https://registry.npmjs.org/@akarui%2faoi.invite 594ms (cache revalidated)
49 silly ADD
50 silly ADD
51 silly ADD
52 silly ADD
53 silly ADD
54 silly ADD
55 silly ADD
56 silly CHANGE node_modules/@aoijs/aoi.db
57 silly CHANGE node_modules/aoi.js
58 verbose exit 0
59 info ok
