0 verbose cli /usr/bin/node /usr/bin/npm
1 info using npm@10.7.0
2 info using node@v20.15.1
3 silly config:load:file:/usr/lib/node_modules/npm/npmrc
4 silly config:load:file:/home/container/.npmrc
5 silly config:load:file:/usr/etc/npmrc
6 verbose title npm i @aoijs/aoi.invite
7 verbose argv "i" "@aoijs/aoi.invite"
8 verbose logfile logs-max:10 dir:/home/container/.npm/_logs/2024-07-29T10_24_45_745Z-
9 verbose logfile /home/container/.npm/_logs/2024-07-29T10_24_45_745Z-debug-0.log
10 silly logfile start cleaning logs, removing 1 files
11 silly logfile done cleaning log files
12 silly idealTree buildDeps
13 silly fetch manifest @aoijs/aoi.invite@*
14 http fetch GET 404 https://registry.npmjs.org/@aoijs%2faoi.invite 503ms (cache skip)
15 silly placeDep ROOT @aoijs/aoi.invite@ OK for: StarBOT@5.0.0 want: *
16 verbose stack HttpErrorGeneral: 404 Not Found - GET https://registry.npmjs.org/@aoijs%2faoi.invite - Not found
16 verbose stack     at /usr/lib/node_modules/npm/node_modules/npm-registry-fetch/lib/check-response.js:95:15
16 verbose stack     at process.processTicksAndRejections (node:internal/process/task_queues:95:5)
16 verbose stack     at async RegistryFetcher.packument (/usr/lib/node_modules/npm/node_modules/pacote/lib/registry.js:91:19)
16 verbose stack     at async RegistryFetcher.manifest (/usr/lib/node_modules/npm/node_modules/pacote/lib/registry.js:129:23)
16 verbose stack     at async #nodeFromEdge (/usr/lib/node_modules/npm/node_modules/@npmcli/arborist/lib/arborist/build-ideal-tree.js:1055:19)
16 verbose stack     at async #buildDepStep (/usr/lib/node_modules/npm/node_modules/@npmcli/arborist/lib/arborist/build-ideal-tree.js:923:11)
16 verbose stack     at async Arborist.buildIdealTree (/usr/lib/node_modules/npm/node_modules/@npmcli/arborist/lib/arborist/build-ideal-tree.js:203:7)
16 verbose stack     at async Promise.all (index 1)
16 verbose stack     at async Arborist.reify (/usr/lib/node_modules/npm/node_modules/@npmcli/arborist/lib/arborist/reify.js:131:5)
16 verbose stack     at async Install.exec (/usr/lib/node_modules/npm/lib/commands/install.js:150:5)
17 verbose statusCode 404
18 verbose pkgid @aoijs/aoi.invite@*
19 verbose cwd /home/container
20 verbose Linux 5.15.0-1032-oracle
21 verbose node v20.15.1
22 verbose npm  v10.7.0
23 error code E404
24 error 404 Not Found - GET https://registry.npmjs.org/@aoijs%2faoi.invite - Not found
25 error 404
26 error 404  '@aoijs/aoi.invite@*' is not in this registry.
27 error 404
27 error 404 Note that you can also install from a
28 error 404 tarball, folder, http url, or git url.
29 verbose exit 1
30 verbose code 1
31 silly unfinished npm timer reify 1722248686641
32 silly unfinished npm timer reify:loadTrees 1722248686647
33 error A complete log of this run can be found in: /home/container/.npm/_logs/2024-07-29T10_24_45_745Z-debug-0.log
