0 verbose cli /usr/bin/node /usr/bin/npm
1 info using npm@10.7.0
2 info using node@v20.15.1
3 silly config:load:file:/usr/lib/node_modules/npm/npmrc
4 silly config:load:file:/home/container/.npmrc
5 silly config:load:file:/usr/etc/npmrc
6 verbose title npm i github:@aoijs/aoi.music
7 verbose argv "i" "github:@aoijs/aoi.music"
8 verbose logfile logs-max:10 dir:/home/container/.npm/_logs/2024-07-28T05_24_21_422Z-
9 verbose logfile /home/container/.npm/_logs/2024-07-28T05_24_21_422Z-debug-0.log
10 silly logfile start cleaning logs, removing 1 files
11 silly logfile done cleaning log files
12 verbose shrinkwrap failed to load node_modules/.package-lock.json out of date, updated: node_modules
13 silly idealTree buildDeps
14 silly fetch manifest @aoijs/aoi.music@github:@aoijs/aoi.music
15 silly placeDep ROOT @aoijs/aoi.music@1.0.1 REPLACE for: StarBOT@5.0.0 want: github:@aoijs/aoi.music
16 silly fetch manifest youtubei.js@^10.2.0
17 http fetch GET 200 https://registry.npmjs.org/youtubei.js 436ms (cache revalidated)
18 silly placeDep ROOT youtubei.js@10.2.0 OK for: @aoijs/aoi.music@1.0.1 want: ^10.2.0
19 silly fetch manifest jintr@^2.0.0
20 silly fetch manifest undici@^5.19.1
21 http fetch GET 200 https://registry.npmjs.org/undici 137ms (cache revalidated)
22 http fetch GET 200 https://registry.npmjs.org/jintr 237ms (cache revalidated)
23 silly placeDep ROOT jintr@2.0.0 OK for: youtubei.js@10.2.0 want: ^2.0.0
24 silly placeDep node_modules/youtubei.js undici@5.28.4 OK for: youtubei.js@10.2.0 want: ^5.19.1
25 silly fetch manifest acorn@^8.8.0
26 silly fetch manifest @fastify/busboy@^2.0.0
27 http fetch GET 200 https://registry.npmjs.org/acorn 31ms (cache revalidated)
28 http fetch GET 200 https://registry.npmjs.org/@fastify%2fbusboy 92ms (cache revalidated)
29 silly placeDep ROOT acorn@8.12.1 OK for: jintr@2.0.0 want: ^8.8.0
30 silly placeDep ROOT @fastify/busboy@2.1.1 OK for: undici@5.28.4 want: ^2.0.0
31 silly reify mark retired [ '/home/container/node_modules/@ffprobe-installer/darwin-arm64' ]
32 silly reify mark retired [ '/home/container/node_modules/@ffprobe-installer/darwin-x64' ]
33 silly reify mark retired [ '/home/container/node_modules/@ffprobe-installer/linux-arm' ]
34 silly reify mark retired [ '/home/container/node_modules/@ffprobe-installer/linux-ia32' ]
35 silly reify mark retired [ '/home/container/node_modules/@ffprobe-installer/linux-x64' ]
36 silly reify mark retired [ '/home/container/node_modules/@ffprobe-installer/win32-ia32' ]
37 silly reify mark retired [ '/home/container/node_modules/@ffprobe-installer/win32-x64' ]
38 silly reify mark retired [ '/home/container/node_modules/jintr' ]
39 silly reify mark retired [ '/home/container/node_modules/youtubei.js' ]
40 silly reify mark retired [ '/home/container/node_modules/@aoijs/aoi.db' ]
41 silly reify mark retired [ '/home/container/node_modules/@aoijs/aoi.music' ]
42 silly reify moves {
42 silly reify   '/home/container/node_modules/@ffprobe-installer/darwin-arm64': '/home/container/node_modules/@ffprobe-installer/.darwin-arm64-Y7lHXF1F',
42 silly reify   '/home/container/node_modules/@ffprobe-installer/darwin-x64': '/home/container/node_modules/@ffprobe-installer/.darwin-x64-6rQwIddO',
42 silly reify   '/home/container/node_modules/@ffprobe-installer/linux-arm': '/home/container/node_modules/@ffprobe-installer/.linux-arm-MGs9Jhk8',
42 silly reify   '/home/container/node_modules/@ffprobe-installer/linux-ia32': '/home/container/node_modules/@ffprobe-installer/.linux-ia32-wFzi5Z7S',
42 silly reify   '/home/container/node_modules/@ffprobe-installer/linux-x64': '/home/container/node_modules/@ffprobe-installer/.linux-x64-HdrHUTe0',
42 silly reify   '/home/container/node_modules/@ffprobe-installer/win32-ia32': '/home/container/node_modules/@ffprobe-installer/.win32-ia32-T5eqPnaw',
42 silly reify   '/home/container/node_modules/@ffprobe-installer/win32-x64': '/home/container/node_modules/@ffprobe-installer/.win32-x64-0PKyNieb',
42 silly reify   '/home/container/node_modules/jintr': '/home/container/node_modules/.jintr-y5gLtTVW',
42 silly reify   '/home/container/node_modules/youtubei.js': '/home/container/node_modules/.youtubei.js-lNNt6wxF',
42 silly reify   '/home/container/node_modules/@aoijs/aoi.db': '/home/container/node_modules/@aoijs/.aoi.db-L77tN3wd',
42 silly reify   '/home/container/node_modules/@aoijs/aoi.music': '/home/container/node_modules/@aoijs/.aoi.music-64Dre7Gp'
42 silly reify }
43 silly audit bulk request {
43 silly audit   '@akarui/aoi.db': [ '2.3.3' ],
43 silly audit   '@aoijs/aoi.structures': [ '1.0.0' ],
43 silly audit   '@akarui/aoi.invite': [ '1.0.0' ],
43 silly audit   chalk: [ '5.3.0', '4.1.2' ],
43 silly audit   '@akarui/structures': [ '2.1.0' ],
43 silly audit   '@aoijs/aoi.db': [ '0.0.0' ],
43 silly audit   undici: [ '6.13.0', '6.19.2', '5.28.4' ],
43 silly audit   '@babel/runtime': [ '7.24.8' ],
43 silly audit   '@colors/colors': [ '1.6.0' ],
43 silly audit   '@dabh/diagnostics': [ '2.0.3' ],
43 silly audit   '@discordjs/builders': [ '1.8.2' ],
43 silly audit   '@discordjs/collection': [ '1.5.3', '2.1.0' ],
43 silly audit   '@discordjs/formatters': [ '0.4.0' ],
43 silly audit   '@discordjs/rest': [ '2.3.0' ],
43 silly audit   '@discordjs/util': [ '1.1.0' ],
43 silly audit   '@discordjs/ws': [ '1.1.1' ],
43 silly audit   '@ffprobe-installer/darwin-arm64': [ '5.0.1' ],
43 silly audit   '@ffprobe-installer/darwin-x64': [ '5.1.0' ],
43 silly audit   '@ffprobe-installer/ffprobe': [ '2.1.2' ],
43 silly audit   '@ffprobe-installer/linux-arm': [ '5.2.0' ],
43 silly audit   '@ffprobe-installer/linux-arm64': [ '5.2.0' ],
43 silly audit   '@ffprobe-installer/linux-ia32': [ '5.2.0' ],
43 silly audit   '@ffprobe-installer/linux-x64': [ '5.2.0' ],
43 silly audit   '@ffprobe-installer/win32-ia32': [ '5.1.0' ],
43 silly audit   '@ffprobe-installer/win32-x64': [ '5.1.0' ],
43 silly audit   '@sapphire/async-queue': [ '1.5.2' ],
43 silly audit   '@sapphire/shapeshift': [ '3.9.7' ],
43 silly audit   '@sapphire/snowflake': [ '3.5.3' ],
43 silly audit   '@types/node': [ '20.14.10' ],
43 silly audit   '@types/triple-beam': [ '1.3.5' ],
43 silly audit   '@types/ws': [ '8.5.11' ],
43 silly audit   '@vladfrangu/async_event_emitter': [ '2.4.3' ],
43 silly audit   'ansi-styles': [ '4.3.0', '6.2.1' ],
43 silly audit   'aoi.js': [ '6.8.5' ],
43 silly audit   asap: [ '2.0.6' ],
43 silly audit   async: [ '3.2.5' ],
43 silly audit   asynckit: [ '0.4.0' ],
43 silly audit   axios: [ '0.21.4' ],
43 silly audit   build: [ '0.1.4' ],
43 silly audit   wrench: [ '1.3.9', '1.5.9' ],
43 silly audit   'call-bind': [ '1.0.7' ],
43 silly audit   chownr: [ '2.0.0' ],
43 silly audit   color: [ '3.2.1' ],
43 silly audit   'color-convert': [ '2.0.1', '1.9.3' ],
43 silly audit   'color-name': [ '1.1.4', '1.1.3' ],
43 silly audit   'color-string': [ '1.9.1' ],
43 silly audit   colorspace: [ '1.1.4' ],
43 silly audit   'combined-stream': [ '1.0.8' ],
43 silly audit   'component-emitter': [ '1.3.1' ],
43 silly audit   cookiejar: [ '2.1.4' ],
43 silly audit   'cross-spawn': [ '7.0.3' ],
43 silly audit   cssmin: [ '0.3.2' ],
43 silly audit   debug: [ '4.3.5' ],
43 silly audit   'define-data-property': [ '1.1.4' ],
43 silly audit   'delayed-stream': [ '1.0.0' ],
43 silly audit   dezalgo: [ '1.0.4' ],
43 silly audit   'discord-api-types': [ '0.37.83' ],
43 silly audit   'discord.js': [ '14.15.3' ],
43 silly audit   dotenv: [ '8.6.0' ],
43 silly audit   enabled: [ '2.0.0' ],
43 silly audit   'es-define-property': [ '1.0.0' ],
43 silly audit   'es-errors': [ '1.3.0' ],
43 silly audit   execa: [ '5.1.1' ],
43 silly audit   'fast-deep-equal': [ '3.1.3' ],
43 silly audit   'fast-safe-stringify': [ '2.1.1' ],
43 silly audit   'fast-xml-parser': [ '3.21.1' ],
43 silly audit   fecha: [ '4.2.3' ],
43 silly audit   'fn.name': [ '1.1.0' ],
43 silly audit   'follow-redirects': [ '1.15.6' ],
43 silly audit   'form-data': [ '4.0.0', '3.0.1' ],
43 silly audit   formidable: [ '3.5.1', '1.2.6' ],
43 silly audit   'fs-minipass': [ '2.1.0', '3.0.3' ],
43 silly audit   minipass: [ '3.3.6', '5.0.0', '7.1.2' ],
43 silly audit   fswin: [ '3.24.524' ],
43 silly audit   'function-bind': [ '1.1.2' ],
43 silly audit   'get-intrinsic': [ '1.2.4' ],
43 silly audit   'get-stream': [ '6.0.1' ],
43 silly audit   gopd: [ '1.0.1' ],
43 silly audit   'has-flag': [ '4.0.0' ],
43 silly audit   'has-property-descriptors': [ '1.0.2' ],
43 silly audit   'has-proto': [ '1.0.3' ],
43 silly audit   'has-symbols': [ '1.0.3' ],
43 silly audit   hasown: [ '2.0.2' ],
43 silly audit   hexoid: [ '1.0.0' ],
43 silly audit   hidefile: [ '3.0.0' ],
43 silly audit   himalaya: [ '1.1.0' ],
43 silly audit   'human-signals': [ '2.1.0' ],
43 silly audit   inherits: [ '2.0.4' ],
43 silly audit   'is-arrayish': [ '0.3.2' ],
43 silly audit   'is-stream': [ '2.0.1' ],
43 silly audit   isexe: [ '2.0.0', '3.1.1' ],
43 silly audit   'js-yaml': [ '0.3.7' ],
43 silly audit   jsmin: [ '1.0.1' ],
43 silly audit   jsonparse: [ '1.3.1' ],
43 silly audit   jsonrepair: [ '3.8.0' ],
43 silly audit   JSONStream: [ '1.3.5' ],
43 silly audit   jxLoader: [ '0.1.1' ],
43 silly audit   kuler: [ '2.0.0' ],
43 silly audit   lodash: [ '4.17.21' ],
43 silly audit   'lodash.snakecase': [ '4.1.1' ],
43 silly audit   logform: [ '2.6.1' ],
43 silly audit   m3u8stream: [ '0.8.6' ],
43 silly audit   'magic-bytes.js': [ '1.10.0' ],
43 silly audit   makeerror: [ '1.0.12' ],
43 silly audit   'merge-stream': [ '2.0.0' ],
43 silly audit   methods: [ '1.1.2' ],
43 silly audit   mime: [ '2.6.0' ],
43 silly audit   'mime-db': [ '1.52.0' ],
43 silly audit   'mime-types': [ '2.1.35' ],
43 silly audit   'mimic-fn': [ '2.1.0' ],
43 silly audit   miniget: [ '4.2.3' ],
43 silly audit   minizlib: [ '2.1.2' ],
43 silly audit   mkdirp: [ '1.0.4' ],
43 silly audit   'moo-server': [ '1.3.0' ],
43 silly audit   ms: [ '2.1.2', '2.1.3' ],
43 silly audit   npm: [ '10.8.2' ],
43 silly audit   'npm-run-path': [ '4.0.1' ],
43 silly audit   'ansi-regex': [ '5.0.1', '6.0.1' ],
43 silly audit   'emoji-regex': [ '8.0.0', '9.2.2' ],
43 silly audit   'string-width': [ '4.2.3', '5.1.2' ],
43 silly audit   'strip-ansi': [ '6.0.1', '7.1.0' ],
43 silly audit   which: [ '2.0.2', '4.0.0' ],
43 silly audit   'proc-log': [ '3.0.0', '4.2.0' ],
43 silly audit   'path-key': [ '3.1.1' ],
43 silly audit   semver: [ '7.6.2' ],
43 silly audit   'shebang-command': [ '2.0.0' ],
43 silly audit   'shebang-regex': [ '3.0.0' ],
43 silly audit   'signal-exit': [ '3.0.7', '4.1.0' ],
43 silly audit   'spdx-expression-parse': [ '4.0.0', '3.0.1' ],
43 silly audit   'supports-color': [ '7.2.0', '9.4.0' ],
43 silly audit   tar: [ '6.2.1' ],
43 silly audit   'util-deprecate': [ '1.0.2' ],
43 silly audit   'wrap-ansi': [ '7.0.0', '8.1.0' ],
43 silly audit   yallist: [ '4.0.0' ],
43 silly audit   'object-inspect': [ '1.13.2' ],
43 silly audit   once: [ '1.4.0' ],
43 silly audit   'one-time': [ '1.0.0' ],
43 silly audit   onetime: [ '5.1.2' ],
43 silly audit   opusscript: [ '0.0.8' ],
43 silly audit   'prism-media': [ '1.3.5' ],
43 silly audit   'promised-io': [ '0.3.6' ],
43 silly audit   qs: [ '6.12.3' ],
43 silly audit   'readable-stream': [ '3.6.2' ],
43 silly audit   'regenerator-runtime': [ '0.14.1' ],
43 silly audit   'safe-buffer': [ '5.2.1' ],
43 silly audit   'safe-stable-stringify': [ '2.4.3' ],
43 silly audit   sax: [ '1.4.1' ],
43 silly audit   'set-function-length': [ '1.2.2' ],
43 silly audit   'side-channel': [ '1.0.6' ],
43 silly audit   'simple-swizzle': [ '0.2.2' ],
43 silly audit   'sorted-btree': [ '1.8.1' ],
43 silly audit   'soundcloud-downloader': [ '1.0.0' ],
43 silly audit   'soundcloud-key-fetch': [ '1.0.13' ],
43 silly audit   'spotify-uri': [ '4.1.0' ],
43 silly audit   'spotify-url-info': [ '3.2.16' ],
43 silly audit   'spotify-web-api-node': [ '5.0.2' ],
43 silly audit   superagent: [ '6.1.0', '9.0.2' ],
43 silly audit   'stack-trace': [ '0.0.10' ],
43 silly audit   string_decoder: [ '1.3.0' ],
43 silly audit   'strip-final-newline': [ '2.0.0' ],
43 silly audit   strnum: [ '1.0.5' ],
43 silly audit   'text-hex': [ '1.0.0' ],
43 silly audit   through: [ '2.3.8' ],
43 silly audit   timespan: [ '2.3.0' ],
43 silly audit   'tiny-typed-emitter': [ '2.1.0' ],
43 silly audit   tmpl: [ '1.0.5' ],
43 silly audit   'triple-beam': [ '1.4.1' ],
43 silly audit   'ts-mixer': [ '6.0.4' ],
43 silly audit   tslib: [ '2.6.2' ],
43 silly audit   tweetnacl: [ '1.0.3' ],
43 silly audit   'uglify-js': [ '1.3.5' ],
43 silly audit   'undici-types': [ '5.26.5' ],
43 silly audit   walker: [ '1.0.8' ],
43 silly audit   winattr: [ '3.0.0' ],
43 silly audit   winston: [ '3.13.1' ],
43 silly audit   'winston-transport': [ '4.7.1' ],
43 silly audit   wrappy: [ '1.0.2' ],
43 silly audit   ws: [ '8.18.0' ],
43 silly audit   'youtube-scrapper': [ '1.4.0' ],
43 silly audit   '@aoijs/aoi.music': [ '1.0.1' ],
43 silly audit   '@discordjs/voice': [ '0.17.0' ],
43 silly audit   'get-audio-duration': [ '4.0.1' ],
43 silly audit   'youtubei.js': [ '10.2.0' ],
43 silly audit   jintr: [ '2.0.0' ],
43 silly audit   acorn: [ '8.12.1' ],
43 silly audit   '@fastify/busboy': [ '2.1.1' ],
43 silly audit   'agent-base': [ '7.1.1' ],
43 silly audit   'aggregate-error': [ '3.1.0' ],
43 silly audit   aproba: [ '2.0.0' ],
43 silly audit   archy: [ '1.0.0' ],
43 silly audit   'bin-links': [ '4.0.4' ],
43 silly audit   'binary-extensions': [ '2.3.0' ],
43 silly audit   'brace-expansion': [ '2.0.1' ],
43 silly audit   'balanced-match': [ '1.0.2' ],
43 silly audit   cacache: [ '18.0.3' ],
43 silly audit   'ci-info': [ '4.0.0' ],
43 silly audit   'cidr-regex': [ '4.1.1' ],
43 silly audit   'clean-stack': [ '2.2.0' ],
43 silly audit   'cmd-shim': [ '6.0.3' ],
43 silly audit   'cli-columns': [ '4.0.0' ],
43 silly audit   'common-ancestor-path': [ '1.0.1' ],
43 silly audit   cssesc: [ '3.0.0' ],
43 silly audit   diff: [ '5.2.0' ],
43 silly audit   eastasianwidth: [ '0.2.0' ],
43 silly audit   encoding: [ '0.1.13' ],
43 silly audit   'env-paths': [ '2.2.1' ],
43 silly audit   'err-code': [ '2.0.3' ],
43 silly audit   'exponential-backoff': [ '3.1.1' ],
43 silly audit   'fastest-levenshtein': [ '1.0.16' ],
43 silly audit   'foreground-child': [ '3.2.1' ],
43 silly audit   glob: [ '10.4.2' ],
43 silly audit   'http-proxy-agent': [ '7.0.2' ],
43 silly audit   'hosted-git-info': [ '7.0.2' ],
43 silly audit   'graceful-fs': [ '4.2.11' ],
43 silly audit   'http-cache-semantics': [ '4.1.1' ],
43 silly audit   'iconv-lite': [ '0.6.3' ],
43 silly audit   'https-proxy-agent': [ '7.0.5' ],
43 silly audit   'ignore-walk': [ '6.0.5' ],
43 silly audit   'indent-string': [ '4.0.0' ],
43 silly audit   'init-package-json': [ '6.0.3' ],
43 silly audit   abbrev: [ '2.0.0' ],
43 silly audit   'ip-regex': [ '5.0.0' ],
43 silly audit   'ip-address': [ '9.0.5' ],
43 silly audit   'is-fullwidth-code-point': [ '3.0.0' ],
43 silly audit   'is-cidr': [ '5.1.0' ],
43 silly audit   jackspeak: [ '3.4.0' ],
43 silly audit   'is-lambda': [ '1.0.1' ],
43 silly audit   'json-parse-even-better-errors': [ '3.0.2' ],
43 silly audit   'just-diff-apply': [ '5.5.0' ],
43 silly audit   jsbn: [ '1.1.0' ],
43 silly audit   'json-stringify-nice': [ '1.1.4' ],
43 silly audit   'just-diff': [ '6.0.2' ],
43 silly audit   imurmurhash: [ '0.1.4' ],
43 silly audit   libnpmdiff: [ '6.1.4' ],
43 silly audit   libnpmexec: [ '8.1.3' ],
43 silly audit   libnpmfund: [ '5.0.12' ],
43 silly audit   libnpmhook: [ '10.0.5' ],
43 silly audit   libnpmorg: [ '6.0.6' ],
43 silly audit   libnpmpublish: [ '9.0.9' ],
43 silly audit   libnpmteam: [ '6.0.5' ],
43 silly audit   libnpmpack: [ '7.0.4' ],
43 silly audit   libnpmsearch: [ '7.0.6' ],
43 silly audit   libnpmversion: [ '6.0.3' ],
43 silly audit   'lru-cache': [ '10.2.2' ],
43 silly audit   'make-fetch-happen': [ '13.0.1' ],
43 silly audit   minimatch: [ '9.0.5' ],
43 silly audit   'minipass-collect': [ '2.0.1' ],
43 silly audit   'minipass-fetch': [ '3.0.5' ],
43 silly audit   'minipass-pipeline': [ '1.2.4' ],
43 silly audit   ini: [ '4.1.3' ],
43 silly audit   'minipass-flush': [ '1.0.5' ],
43 silly audit   'mute-stream': [ '1.0.0' ],
43 silly audit   negotiator: [ '0.6.3' ],
43 silly audit   nopt: [ '7.2.1' ],
43 silly audit   'normalize-package-data': [ '6.0.2' ],
43 silly audit   'minipass-sized': [ '1.0.3' ],
43 silly audit   'node-gyp': [ '10.1.0' ],
43 silly audit   'npm-audit-report': [ '5.0.0' ],
43 silly audit   'npm-normalize-package-bin': [ '3.0.1' ],
43 silly audit   'npm-bundled': [ '3.0.1' ],
43 silly audit   'npm-install-checks': [ '6.3.0' ],
43 silly audit   'npm-package-arg': [ '11.0.2' ],
43 silly audit   'npm-pick-manifest': [ '9.1.0' ],
43 silly audit   'npm-profile': [ '10.0.0' ],
43 silly audit   'npm-packlist': [ '8.0.2' ],
43 silly audit   'npm-user-validate': [ '2.0.1' ],
43 silly audit   'npm-registry-fetch': [ '17.1.0' ],
43 silly audit   'package-json-from-dist': [ '1.0.0' ],
43 silly audit   pacote: [ '18.0.6' ],
43 silly audit   'p-map': [ '4.0.0' ],
43 silly audit   'parse-conflict-json': [ '3.0.1' ],
43 silly audit   'path-scurry': [ '1.11.1' ],
43 silly audit   'postcss-selector-parser': [ '6.1.0' ],
43 silly audit   'promise-all-reject-late': [ '1.0.1' ],
43 silly audit   proggy: [ '2.0.0' ],
43 silly audit   'promise-inflight': [ '1.0.1' ],
43 silly audit   'promise-call-limit': [ '3.0.1' ],
43 silly audit   promzard: [ '1.0.2' ],
43 silly audit   read: [ '3.0.1' ],
43 silly audit   'promise-retry': [ '2.0.1' ],
43 silly audit   'qrcode-terminal': [ '0.12.0' ],
43 silly audit   'read-cmd-shim': [ '4.0.0' ],
43 silly audit   'read-package-json-fast': [ '3.0.2' ],
43 silly audit   retry: [ '0.12.0' ],
43 silly audit   'safer-buffer': [ '2.1.2' ],
43 silly audit   sigstore: [ '2.3.1' ],
43 silly audit   socks: [ '2.8.3' ],
43 silly audit   'socks-proxy-agent': [ '8.0.4' ],
43 silly audit   'smart-buffer': [ '4.2.0' ],
43 silly audit   'spdx-exceptions': [ '2.5.0' ],
43 silly audit   'spdx-correct': [ '3.2.0' ],
43 silly audit   'spdx-license-ids': [ '3.0.18' ],
43 silly audit   'sprintf-js': [ '1.1.3' ],
43 silly audit   ssri: [ '10.0.6' ],
43 silly audit   'text-table': [ '0.2.0' ],
43 silly audit   'tiny-relative-date': [ '1.3.0' ],
43 silly audit   treeverse: [ '3.0.0' ],
43 silly audit   'tuf-js': [ '2.2.1' ],
43 silly audit   'unique-slug': [ '4.0.0' ],
43 silly audit   'unique-filename': [ '3.0.0' ],
43 silly audit   'validate-npm-package-license': [ '3.0.4' ],
43 silly audit   'validate-npm-package-name': [ '5.0.1' ],
43 silly audit   'walk-up-path': [ '3.0.1' ],
43 silly audit   'write-file-atomic': [ '5.0.1' ],
43 silly audit   '@isaacs/string-locale-compare': [ '1.1.0' ],
43 silly audit   '@isaacs/cliui': [ '8.0.2' ],
43 silly audit   '@npmcli/agent': [ '2.2.2' ],
43 silly audit   '@npmcli/arborist': [ '7.5.4' ],
43 silly audit   '@npmcli/fs': [ '3.1.1' ],
43 silly audit   '@npmcli/git': [ '5.0.8' ],
43 silly audit   '@npmcli/installed-package-contents': [ '2.1.0' ],
43 silly audit   '@npmcli/config': [ '8.3.4' ],
43 silly audit   '@npmcli/map-workspaces': [ '3.0.6' ],
43 silly audit   '@npmcli/node-gyp': [ '3.0.0' ],
43 silly audit   '@npmcli/metavuln-calculator': [ '7.1.1' ],
43 silly audit   '@npmcli/name-from-folder': [ '2.0.0' ],
43 silly audit   '@npmcli/package-json': [ '5.2.0' ],
43 silly audit   '@npmcli/promise-spawn': [ '7.0.2' ],
43 silly audit   '@npmcli/redact': [ '2.0.1' ],
43 silly audit   '@npmcli/query': [ '3.1.0' ],
43 silly audit   '@npmcli/run-script': [ '8.1.0' ],
43 silly audit   '@sigstore/bundle': [ '2.3.2' ],
43 silly audit   '@pkgjs/parseargs': [ '0.11.0' ],
43 silly audit   '@sigstore/core': [ '1.1.0' ],
43 silly audit   '@sigstore/tuf': [ '2.3.4' ],
43 silly audit   '@sigstore/protobuf-specs': [ '0.3.2' ],
43 silly audit   '@sigstore/sign': [ '2.3.2' ],
43 silly audit   '@sigstore/verify': [ '1.2.1' ],
43 silly audit   '@tufjs/canonical-json': [ '2.0.0' ],
43 silly audit   '@tufjs/models': [ '2.0.1' ],
43 silly audit   libnpmaccess: [ '8.0.6' ]
43 silly audit }
44 verbose reify failed optional dependency /home/container/node_modules/@ffprobe-installer/win32-x64
45 silly reify mark deleted [ '/home/container/node_modules/@ffprobe-installer/win32-x64' ]
46 verbose reify failed optional dependency /home/container/node_modules/@ffprobe-installer/win32-ia32
47 silly reify mark deleted [ '/home/container/node_modules/@ffprobe-installer/win32-ia32' ]
48 verbose reify failed optional dependency /home/container/node_modules/@ffprobe-installer/linux-x64
49 silly reify mark deleted [ '/home/container/node_modules/@ffprobe-installer/linux-x64' ]
50 verbose reify failed optional dependency /home/container/node_modules/@ffprobe-installer/linux-ia32
51 silly reify mark deleted [ '/home/container/node_modules/@ffprobe-installer/linux-ia32' ]
52 verbose reify failed optional dependency /home/container/node_modules/@ffprobe-installer/linux-arm
53 silly reify mark deleted [ '/home/container/node_modules/@ffprobe-installer/linux-arm' ]
54 verbose reify failed optional dependency /home/container/node_modules/@ffprobe-installer/darwin-x64
55 silly reify mark deleted [ '/home/container/node_modules/@ffprobe-installer/darwin-x64' ]
56 verbose reify failed optional dependency /home/container/node_modules/@ffprobe-installer/darwin-arm64
57 silly reify mark deleted [ '/home/container/node_modules/@ffprobe-installer/darwin-arm64' ]
58 http fetch POST 200 https://registry.npmjs.org/-/npm/v1/security/advisories/bulk 184ms
59 silly audit report {
59 silly audit report   axios: [
59 silly audit report     {
59 silly audit report       id: 1097679,
59 silly audit report       url: 'https://github.com/advisories/GHSA-wf5p-g6vw-rhxx',
59 silly audit report       title: 'Axios Cross-Site Request Forgery Vulnerability',
59 silly audit report       severity: 'moderate',
59 silly audit report       vulnerable_versions: '>=0.8.1 <0.28.0',
59 silly audit report       cwe: [Array],
59 silly audit report       cvss: [Object]
59 silly audit report     }
59 silly audit report   ],
59 silly audit report   'fast-xml-parser': [
59 silly audit report     {
59 silly audit report       id: 1095242,
59 silly audit report       url: 'https://github.com/advisories/GHSA-x3cc-x39p-42qx',
59 silly audit report       title: 'fast-xml-parser vulnerable to Prototype Pollution through tag or attribute name',
59 silly audit report       severity: 'moderate',
59 silly audit report       vulnerable_versions: '<4.1.2',
59 silly audit report       cwe: [Array],
59 silly audit report       cvss: [Object]
59 silly audit report     }
59 silly audit report   ],
59 silly audit report   'js-yaml': [
59 silly audit report     {
59 silly audit report       id: 1091002,
59 silly audit report       url: 'https://github.com/advisories/GHSA-xxvw-45rp-3mj2',
59 silly audit report       title: 'Deserialization Code Execution in js-yaml',
59 silly audit report       severity: 'critical',
59 silly audit report       vulnerable_versions: '<2.0.5',
59 silly audit report       cwe: [Array],
59 silly audit report       cvss: [Object]
59 silly audit report     },
59 silly audit report     {
59 silly audit report       id: 1085724,
59 silly audit report       url: 'https://github.com/advisories/GHSA-2pr6-76vf-7546',
59 silly audit report       title: 'Denial of Service in js-yaml',
59 silly audit report       severity: 'moderate',
59 silly audit report       vulnerable_versions: '<3.13.0',
59 silly audit report       cwe: [Array],
59 silly audit report       cvss: [Object]
59 silly audit report     },
59 silly audit report     {
59 silly audit report       id: 1095058,
59 silly audit report       url: 'https://github.com/advisories/GHSA-8j8c-7jfh-h6hx',
59 silly audit report       title: 'Code Injection in js-yaml',
59 silly audit report       severity: 'high',
59 silly audit report       vulnerable_versions: '<3.13.1',
59 silly audit report       cwe: [Array],
59 silly audit report       cvss: [Object]
59 silly audit report     }
59 silly audit report   ],
59 silly audit report   timespan: [
59 silly audit report     {
59 silly audit report       id: 1093858,
59 silly audit report       url: 'https://github.com/advisories/GHSA-f523-2f5j-gfcg',
59 silly audit report       title: 'Regular Expression Denial of Service in timespan',
59 silly audit report       severity: 'high',
59 silly audit report       vulnerable_versions: '<=2.3.0',
59 silly audit report       cwe: [Array],
59 silly audit report       cvss: [Object]
59 silly audit report     }
59 silly audit report   ],
59 silly audit report   'uglify-js': [
59 silly audit report     {
59 silly audit report       id: 1091686,
59 silly audit report       url: 'https://github.com/advisories/GHSA-c9f4-xj24-8jqx',
59 silly audit report       title: 'Regular Expression Denial of Service in uglify-js',
59 silly audit report       severity: 'high',
59 silly audit report       vulnerable_versions: '<2.6.0',
59 silly audit report       cwe: [Array],
59 silly audit report       cvss: [Object]
59 silly audit report     },
59 silly audit report     {
59 silly audit report       id: 1091710,
59 silly audit report       url: 'https://github.com/advisories/GHSA-34r7-q49f-h37c',
59 silly audit report       title: 'Incorrect Handling of Non-Boolean Comparisons During Minification in uglify-js',
59 silly audit report       severity: 'critical',
59 silly audit report       vulnerable_versions: '<2.4.24',
59 silly audit report       cwe: [Array],
59 silly audit report       cvss: [Object]
59 silly audit report     }
59 silly audit report   ]
59 silly audit report }
60 http fetch GET 200 https://registry.npmjs.org/js-yaml 895ms (cache revalidated)
61 http fetch GET 200 https://registry.npmjs.org/axios 901ms (cache revalidated)
62 http fetch GET 200 https://registry.npmjs.org/timespan 919ms (cache revalidated)
63 http fetch GET 200 https://codeload.github.com/aoijs/aoi.music/tar.gz/db66c301f4b4bf94187c85bcddf5f9c61a551d77 397ms (cache revalidated)
64 http fetch GET 200 https://registry.npmjs.org/fast-xml-parser 1017ms (cache updated)
65 http fetch GET 200 https://registry.npmjs.org/uglify-js 1207ms (cache revalidated)
66 http fetch GET 200 https://registry.npmjs.org/soundcloud-downloader 249ms (cache revalidated)
67 http fetch GET 200 https://registry.npmjs.org/youtube-scrapper 255ms (cache revalidated)
68 http fetch GET 200 https://registry.npmjs.org/jxLoader 368ms (cache revalidated)
69 http fetch GET 200 https://registry.npmjs.org/build 394ms (cache revalidated)
70 http fetch GET 200 https://registry.npmjs.org/@aoijs%2faoi.music 798ms (cache updated)
71 http fetch GET 200 https://registry.npmjs.org/@akarui%2faoi.db 694ms (cache revalidated)
72 http fetch GET 200 https://registry.npmjs.org/@akarui%2faoi.invite 610ms (cache revalidated)
73 verbose stack Error: git dep preparation failed
73 verbose stack     at ChildProcess.<anonymous> (/usr/lib/node_modules/npm/node_modules/@npmcli/promise-spawn/lib/index.js:53:27)
73 verbose stack     at ChildProcess.emit (node:events:519:28)
73 verbose stack     at maybeClose (node:internal/child_process:1105:16)
73 verbose stack     at ChildProcess._handle.onexit (node:internal/child_process:305:5)
74 verbose cwd /home/container
75 verbose Linux 5.15.0-1032-oracle
76 verbose node v20.15.1
77 verbose npm  v10.7.0
78 error git dep preparation failed
79 error signal SIGKILL
80 error command /usr/bin/node /usr/lib/node_modules/npm/bin/npm-cli.js install --force --cache=/home/container/.npm --prefer-offline=false --prefer-online=false --offline=false --no-progress --no-save --no-audit --include=dev --include=peer --include=optional --no-package-lock-only --no-dry-run
81 error npm warn using --force Recommended protections disabled.
82 verbose exit 1
83 verbose code 1
84 silly unfinished npm timer reify 1722144262407
85 silly unfinished npm timer reify:unpack 1722144266222
86 silly unfinished npm timer reifyNode:node_modules/@aoijs/aoi.music 1722144266222
87 error A complete log of this run can be found in: /home/container/.npm/_logs/2024-07-28T05_24_21_422Z-debug-0.log
